<?xml version="1.0" encoding="UTF-8" ?>
<testsuite errors="0" failures="1" hostname="IS-25" name="com.allendowney.thinkdast.ListClientExampleTest" skipped="0" tests="1" time="0.089" timestamp="2019-05-07T17:54:51">
  <properties>
[...]
</properties>
  <testcase classname="com.allendowney.thinkdast.ListClientExampleTest" name="testListClientExample" time="0.01">
    <failure message="&#xa;Expected: an instance of java.util.ArrayList&#xa;     but: &lt;[]&gt; is a java.util.LinkedList" type="junit.framework.AssertionFailedError">junit.framework.AssertionFailedError: 
Expected: an instance of java.util.ArrayList
     but: &lt;[]&gt; is a java.util.LinkedList
	at org.hamcrest.MatcherAssert.assertThat(MatcherAssert.java:20)
	at com.allendowney.thinkdast.ListClientExampleTest.testListClientExample(ListClientExampleTest.java:25)
</failure>
  </testcase>
  <system-out><![CDATA[]]></system-out>
  <system-err><![CDATA[]]></system-err>
</testsuite>
